<?xml version="1.0" encoding="UTF-8"?>
<!-- Generated by org.testng.reporters.JUnitReportReporter -->
<testsuite skipped="0" hostname="kundan-PC" name="jenkin.TestDemo" tests="1" failures="0" timestamp="28 Jan 2020 20:37:46 GMT" time="36.755" errors="0">
  <testcase name="runSetup" time="36.755" classname="jenkin.TestDemo"/>
</testsuite> <!-- jenkin.TestDemo -->
